<?xml version="1.0" encoding="UTF-8"?>
<!-- Generated by org.testng.reporters.JUnitReportReporter -->
<testsuite hostname="C9216" failures="0" tests="1" name="tests.TestOne" time="6.816" errors="0" timestamp="2021-07-08T10:46:51 CEST" skipped="0">
  <testcase classname="tests.TestOne" name="test2" time="6.816"/>
  <system-out/>
</testsuite> <!-- tests.TestOne -->
